<?xml version="1.0" encoding="UTF-8"?>
<!-- Generated by org.testng.reporters.JUnitXMLReporter -->
<testsuite ignored="0" hostname="LAPTOP-Q9V0DDDH" failures="0" tests="6" name="ChromeTest" time="0.084" errors="0" timestamp="2024-11-07T16:29:41 IST">
  <testcase classname="com.project.ProductTest.VerifyKidsProduct" name="createProduct" time="0.004"/>
  <testcase classname="com.project.ProductTest.VerifyKidsProduct" name="updateproduct" time="0.001"/>
  <testcase classname="com.project.ProductTest.VerifyKidsProduct" name="updateproduct" time="0.001"/>
  <testcase classname="com.project.ProductTest.VerifyElectricProduct" name="createProduct" time="0.002"/>
  <testcase classname="com.project.ProductTest.VerifyElectricProduct" name="updateproduct" time="0.001"/>
  <testcase classname="com.project.ProductTest.VerifyElectricProduct" name="updateproduct" time="0.001"/>
</testsuite> <!-- ChromeTest -->
