<?xml version="1.0" encoding="UTF-8"?>
<!-- Generated by org.testng.reporters.JUnitXMLReporter -->
<testsuite ignored="1" hostname="LAPTOP-Q9V0DDDH" failures="0" tests="1" name="Default test" time="0.065" errors="0" timestamp="2024-11-07T14:44:32 IST">
  <testcase classname="com.project.ProductTest.VerifyKidsProduct" name="createProduct" time="0.01"/>
  <testcase classname="com.project.ProductTest.VerifyKidsProduct" name="updateproduct" time="0.0">
    <ignored/>
  </testcase> <!-- updateproduct -->
</testsuite> <!-- Default test -->
