<?xml version="1.0" encoding="UTF-8"?>
<!-- Generated by org.testng.reporters.JUnitXMLReporter -->
<testsuite ignored="2" hostname="LAPTOP-Q9V0DDDH" failures="0" tests="2" name="Test" time="0.076" errors="0" timestamp="2024-11-07T14:45:04 IST">
  <testcase classname="com.project.ProductTest.VerifyKidsProduct" name="createProduct" time="0.011"/>
  <testcase classname="com.project.ProductTest.VerifyElectricProduct" name="createProduct" time="0.002"/>
  <testcase classname="com.project.ProductTest.VerifyKidsProduct" name="updateproduct" time="0.0">
    <ignored/>
  </testcase> <!-- updateproduct -->
  <testcase classname="com.project.ProductTest.VerifyElectricProduct" name="updateproduct" time="0.0">
    <ignored/>
  </testcase> <!-- updateproduct -->
</testsuite> <!-- Test -->
