<?xml version="1.0" encoding="UTF-8"?>
<testng-results ignored="0" total="6" passed="6" failed="0" skipped="0">
  <reporter-output>
    <line>
      <![CDATA[Browser launched succesfully]]>
    </line>
    <line>
      <![CDATA[Login succesfully]]>
    </line>
    <line>
      <![CDATA[kids product created]]>
    </line>
    <line>
      <![CDATA[LOgout succesfully]]>
    </line>
    <line>
      <![CDATA[Login succesfully]]>
    </line>
    <line>
      <![CDATA[kids product updated]]>
    </line>
    <line>
      <![CDATA[LOgout succesfully]]>
    </line>
    <line>
      <![CDATA[Login succesfully]]>
    </line>
    <line>
      <![CDATA[kids product updated]]>
    </line>
    <line>
      <![CDATA[LOgout succesfully]]>
    </line>
    <line>
      <![CDATA[Browser launched succesfully]]>
    </line>
    <line>
      <![CDATA[Browser launched succesfully]]>
    </line>
    <line>
      <![CDATA[Login succesfully]]>
    </line>
    <line>
      <![CDATA[ElectricProduct  product created]]>
    </line>
    <line>
      <![CDATA[LOgout succesfully]]>
    </line>
    <line>
      <![CDATA[Login succesfully]]>
    </line>
    <line>
      <![CDATA[ElectricProduct  product updated]]>
    </line>
    <line>
      <![CDATA[LOgout succesfully]]>
    </line>
    <line>
      <![CDATA[Login succesfully]]>
    </line>
    <line>
      <![CDATA[ElectricProduct  product updated]]>
    </line>
    <line>
      <![CDATA[LOgout succesfully]]>
    </line>
    <line>
      <![CDATA[Browser launched succesfully]]>
    </line>
  </reporter-output>
  <suite started-at="2024-11-07T16:29:41 IST" name="Regression" finished-at="2024-11-07T16:29:41 IST" duration-ms="84">
    <groups>
    </groups>
    <test started-at="2024-11-07T16:29:41 IST" name="ChromeTest" finished-at="2024-11-07T16:29:41 IST" duration-ms="84">
      <class name="com.project.ProductTest.VerifyElectricProduct">
        <test-method is-config="true" signature="BroswerSetUp()[pri:0, instance:com.project.ProductTest.VerifyElectricProduct@290222c1]" started-at="2024-11-07T16:29:41 IST" name="BroswerSetUp" finished-at="2024-11-07T16:29:41 IST" duration-ms="0" status="PASS">
          <reporter-output>
            <line>
              <![CDATA[Browser launched succesfully]]>
            </line>
          </reporter-output>
        </test-method> <!-- BroswerSetUp -->
        <test-method is-config="true" signature="Login()[pri:0, instance:com.project.ProductTest.VerifyElectricProduct@290222c1]" started-at="2024-11-07T16:29:41 IST" name="Login" finished-at="2024-11-07T16:29:41 IST" duration-ms="0" status="PASS">
          <reporter-output>
            <line>
              <![CDATA[Login succesfully]]>
            </line>
          </reporter-output>
        </test-method> <!-- Login -->
        <test-method signature="createProduct()[pri:1, instance:com.project.ProductTest.VerifyElectricProduct@290222c1]" started-at="2024-11-07T16:29:41 IST" name="createProduct" finished-at="2024-11-07T16:29:41 IST" duration-ms="2" status="PASS">
          <reporter-output>
            <line>
              <![CDATA[ElectricProduct  product created]]>
            </line>
          </reporter-output>
        </test-method> <!-- createProduct -->
        <test-method is-config="true" signature="Logout()[pri:0, instance:com.project.ProductTest.VerifyElectricProduct@290222c1]" started-at="2024-11-07T16:29:41 IST" name="Logout" finished-at="2024-11-07T16:29:41 IST" duration-ms="0" status="PASS">
          <reporter-output>
            <line>
              <![CDATA[LOgout succesfully]]>
            </line>
          </reporter-output>
        </test-method> <!-- Logout -->
        <test-method signature="updateproduct()[pri:2, instance:com.project.ProductTest.VerifyElectricProduct@290222c1]" started-at="2024-11-07T16:29:41 IST" name="updateproduct" finished-at="2024-11-07T16:29:41 IST" depends-on-methods="com.project.ProductTest.VerifyElectricProduct.createProduct" duration-ms="1" status="PASS">
          <reporter-output>
            <line>
              <![CDATA[ElectricProduct  product updated]]>
            </line>
          </reporter-output>
        </test-method> <!-- updateproduct -->
        <test-method is-config="true" signature="Login()[pri:0, instance:com.project.ProductTest.VerifyElectricProduct@290222c1]" started-at="2024-11-07T16:29:41 IST" name="Login" finished-at="2024-11-07T16:29:41 IST" duration-ms="0" status="PASS">
          <reporter-output>
            <line>
              <![CDATA[Login succesfully]]>
            </line>
          </reporter-output>
        </test-method> <!-- Login -->
        <test-method is-config="true" signature="Logout()[pri:0, instance:com.project.ProductTest.VerifyElectricProduct@290222c1]" started-at="2024-11-07T16:29:41 IST" name="Logout" finished-at="2024-11-07T16:29:41 IST" duration-ms="1" status="PASS">
          <reporter-output>
            <line>
              <![CDATA[LOgout succesfully]]>
            </line>
          </reporter-output>
        </test-method> <!-- Logout -->
        <test-method is-config="true" signature="Login()[pri:0, instance:com.project.ProductTest.VerifyElectricProduct@290222c1]" started-at="2024-11-07T16:29:41 IST" name="Login" finished-at="2024-11-07T16:29:41 IST" duration-ms="10" status="PASS">
          <reporter-output>
            <line>
              <![CDATA[Login succesfully]]>
            </line>
          </reporter-output>
        </test-method> <!-- Login -->
        <test-method signature="updateproduct()[pri:2, instance:com.project.ProductTest.VerifyElectricProduct@290222c1]" started-at="2024-11-07T16:29:41 IST" name="updateproduct" finished-at="2024-11-07T16:29:41 IST" depends-on-methods="com.project.ProductTest.VerifyElectricProduct.createProduct" duration-ms="1" status="PASS">
          <reporter-output>
            <line>
              <![CDATA[ElectricProduct  product updated]]>
            </line>
          </reporter-output>
        </test-method> <!-- updateproduct -->
        <test-method is-config="true" signature="Logout()[pri:0, instance:com.project.ProductTest.VerifyElectricProduct@290222c1]" started-at="2024-11-07T16:29:41 IST" name="Logout" finished-at="2024-11-07T16:29:41 IST" duration-ms="0" status="PASS">
          <reporter-output>
            <line>
              <![CDATA[LOgout succesfully]]>
            </line>
          </reporter-output>
        </test-method> <!-- Logout -->
        <test-method is-config="true" signature="TerminateBrowser()[pri:0, instance:com.project.ProductTest.VerifyElectricProduct@290222c1]" started-at="2024-11-07T16:29:41 IST" name="TerminateBrowser" finished-at="2024-11-07T16:29:41 IST" duration-ms="1" status="PASS">
          <reporter-output>
            <line>
              <![CDATA[Browser launched succesfully]]>
            </line>
          </reporter-output>
        </test-method> <!-- TerminateBrowser -->
      </class> <!-- com.project.ProductTest.VerifyElectricProduct -->
      <class name="com.project.ProductTest.VerifyKidsProduct">
        <test-method is-config="true" signature="BroswerSetUp()[pri:0, instance:com.project.ProductTest.VerifyKidsProduct@550dbc7a]" started-at="2024-11-07T16:29:41 IST" name="BroswerSetUp" finished-at="2024-11-07T16:29:41 IST" duration-ms="8" status="PASS">
          <reporter-output>
            <line>
              <![CDATA[Browser launched succesfully]]>
            </line>
          </reporter-output>
        </test-method> <!-- BroswerSetUp -->
        <test-method is-config="true" signature="Login()[pri:0, instance:com.project.ProductTest.VerifyKidsProduct@550dbc7a]" started-at="2024-11-07T16:29:41 IST" name="Login" finished-at="2024-11-07T16:29:41 IST" duration-ms="0" status="PASS">
          <reporter-output>
            <line>
              <![CDATA[Login succesfully]]>
            </line>
          </reporter-output>
        </test-method> <!-- Login -->
        <test-method signature="createProduct()[pri:1, instance:com.project.ProductTest.VerifyKidsProduct@550dbc7a]" started-at="2024-11-07T16:29:41 IST" name="createProduct" finished-at="2024-11-07T16:29:41 IST" duration-ms="4" status="PASS">
          <reporter-output>
            <line>
              <![CDATA[kids product created]]>
            </line>
          </reporter-output>
        </test-method> <!-- createProduct -->
        <test-method is-config="true" signature="Logout()[pri:0, instance:com.project.ProductTest.VerifyKidsProduct@550dbc7a]" started-at="2024-11-07T16:29:41 IST" name="Logout" finished-at="2024-11-07T16:29:41 IST" duration-ms="0" status="PASS">
          <reporter-output>
            <line>
              <![CDATA[LOgout succesfully]]>
            </line>
          </reporter-output>
        </test-method> <!-- Logout -->
        <test-method is-config="true" signature="Login()[pri:0, instance:com.project.ProductTest.VerifyKidsProduct@550dbc7a]" started-at="2024-11-07T16:29:41 IST" name="Login" finished-at="2024-11-07T16:29:41 IST" duration-ms="1" status="PASS">
          <reporter-output>
            <line>
              <![CDATA[Login succesfully]]>
            </line>
          </reporter-output>
        </test-method> <!-- Login -->
        <test-method signature="updateproduct()[pri:2, instance:com.project.ProductTest.VerifyKidsProduct@550dbc7a]" started-at="2024-11-07T16:29:41 IST" name="updateproduct" finished-at="2024-11-07T16:29:41 IST" depends-on-methods="com.project.ProductTest.VerifyKidsProduct.createProduct" duration-ms="1" status="PASS">
          <reporter-output>
            <line>
              <![CDATA[kids product updated]]>
            </line>
          </reporter-output>
        </test-method> <!-- updateproduct -->
        <test-method is-config="true" signature="Logout()[pri:0, instance:com.project.ProductTest.VerifyKidsProduct@550dbc7a]" started-at="2024-11-07T16:29:41 IST" name="Logout" finished-at="2024-11-07T16:29:41 IST" duration-ms="0" status="PASS">
          <reporter-output>
            <line>
              <![CDATA[LOgout succesfully]]>
            </line>
          </reporter-output>
        </test-method> <!-- Logout -->
        <test-method signature="updateproduct()[pri:2, instance:com.project.ProductTest.VerifyKidsProduct@550dbc7a]" started-at="2024-11-07T16:29:41 IST" name="updateproduct" finished-at="2024-11-07T16:29:41 IST" depends-on-methods="com.project.ProductTest.VerifyKidsProduct.createProduct" duration-ms="1" status="PASS">
          <reporter-output>
            <line>
              <![CDATA[kids product updated]]>
            </line>
          </reporter-output>
        </test-method> <!-- updateproduct -->
        <test-method is-config="true" signature="Login()[pri:0, instance:com.project.ProductTest.VerifyKidsProduct@550dbc7a]" started-at="2024-11-07T16:29:41 IST" name="Login" finished-at="2024-11-07T16:29:41 IST" duration-ms="0" status="PASS">
          <reporter-output>
            <line>
              <![CDATA[Login succesfully]]>
            </line>
          </reporter-output>
        </test-method> <!-- Login -->
        <test-method is-config="true" signature="Logout()[pri:0, instance:com.project.ProductTest.VerifyKidsProduct@550dbc7a]" started-at="2024-11-07T16:29:41 IST" name="Logout" finished-at="2024-11-07T16:29:41 IST" duration-ms="0" status="PASS">
          <reporter-output>
            <line>
              <![CDATA[LOgout succesfully]]>
            </line>
          </reporter-output>
        </test-method> <!-- Logout -->
        <test-method is-config="true" signature="TerminateBrowser()[pri:0, instance:com.project.ProductTest.VerifyKidsProduct@550dbc7a]" started-at="2024-11-07T16:29:41 IST" name="TerminateBrowser" finished-at="2024-11-07T16:29:41 IST" duration-ms="0" status="PASS">
          <reporter-output>
            <line>
              <![CDATA[Browser launched succesfully]]>
            </line>
          </reporter-output>
        </test-method> <!-- TerminateBrowser -->
      </class> <!-- com.project.ProductTest.VerifyKidsProduct -->
    </test> <!-- ChromeTest -->
  </suite> <!-- Regression -->
</testng-results>
